<?xml version="1.0" encoding="UTF-8"?>
<!-- Generated by org.testng.reporters.JUnitReportReporter -->
<testsuite hostname="Sarojs-iMac.local" failures="0" tests="3" name="testcases.ngan.Ngan_TestCase" time="24.491" errors="0" timestamp="2024-01-08T22:42:41 EST" skipped="0">
  <testcase classname="testcases.ngan.Ngan_TestCase" name="addToCompare" time="9.793"/>
  <system-out/>
  <testcase classname="testcases.ngan.Ngan_TestCase" name="addToWishList" time="8.342"/>
  <system-out/>
  <testcase classname="testcases.ngan.Ngan_TestCase" name="logoTesting" time="6.356"/>
  <system-out/>
</testsuite> <!-- testcases.ngan.Ngan_TestCase -->
